%%%%%%%%%%%%%%%%%%%%%%%%%%%%%%%%%%%%%%%%%%%%%%%%%%%%%%%%%%%%%%%%%%%%%%%%%%%%%%%%
                          S u m m a r y   R e p o r t
%%%%%%%%%%%%%%%%%%%%%%%%%%%%%%%%%%%%%%%%%%%%%%%%%%%%%%%%%%%%%%%%%%%%%%%%%%%%%%%%

Compilation
-----------
File     : /perm/ms/de/sf7/cschlund/ecflow_cc4cl_proc/src/prepare_daily.F90
Compiled : 12/01/14  12:52:13
Compiler : Version 8.2.7
Ftnlx    : Version 8242 (libcif 82030)
Target   : x86-64
Command  : ftn_driver.exe -hcpu=ivybridge -hdynamic -hnetwork=aries -c -Oomp
           -O3 -Oipa3 -Ovector3 -Ofp3 -Ocache3 -Oaggress -Oscalar3 -Othread3
           -hmpi1 -hflex_mp=tolerant -rom -ef -em -DWRAPPER -DDEBUG
           -I/perm/us/usc/hdfeos/include -I./
           -I/perm/ms/de/sf7/esa_cci_c_proc/software/rttov/rttov11/cray-ecmwf_pe
           rformance_parallel-dwd/include
           -J/perm/ms/de/sf7/esa_cci_c_proc/software/rttov/rttov11/cray-ecmwf_pe
           rformance_parallel-dwd/mod
           -I/perm/ms/de/sf7/esa_cci_c_proc/software/epr/epr_api-2.2/src
           -I/opt/cray/cce/8.2.7/craylibs/x86-64/include
           -I/opt/cray/rca/1.0.0-2.0502.49765.5.41.ari/include
           -I/opt/cray/alps/5.2.0-2.0502.8594.12.4.ari/include
           -I/opt/cray/xpmem/0.1-2.0502.50559.4.2.ari/include
           -I/opt/cray/gni-headers/3.0-1.0502.8554.6.6.ari/include
           -I/opt/cray/dmapp/7.0.1-1.0502.8638.9.93.ari/include
           -I/opt/cray/pmi/5.0.3-1.0000.9981.128.2.ari/include
           -I/opt/cray/ugni/5.0-1.0502.8670.4.22.ari/include
           -I/opt/cray/udreg/2.3.2-1.0502.8413.2.9.ari/include
           -I/opt/cray/krca/1.0.0-2.0502.50273.6.28.ari/include
           -I/opt/cray-hss-devel/7.1.0/include
           -I/opt/cray/wlm_detect/1.0-1.0502.48996.3.2.ari/include
           -I/opt/cray/hdf5/1.8.12/CRAY/81/include
           -I/opt/cray/netcdf/4.3.1/CRAY/81/include
           -I/opt/cray/mpt/6.3.1/gni/mpich2-cray/81/include
           -I/opt/cray/libsci/12.2.0/CRAY/81/sandybridge/include
           -I/usr/local/apps/hdf/4.2.10/CRAY/82/include
           -I/usr/local/apps/grib_api/1.12.3/CRAY/82/include64
           -I/usr/local/apps/jasper/1.900.1//include
           -I/opt/cray/rca/1.0.0-2.0502.49765.5.41.ari/include
           -I/opt/cray/alps/5.2.0-2.0502.8594.12.4.ari/include
           -I/opt/cray/xpmem/0.1-2.0502.50559.4.2.ari/include
           -I/opt/cray/gni-headers/3.0-1.0502.8554.6.6.ari/include
           -I/opt/cray/dmapp/7.0.1-1.0502.8638.9.93.ari/include
           -I/opt/cray/pmi/5.0.3-1.0000.9981.128.2.ari/include
           -I/opt/cray/ugni/5.0-1.0502.8670.4.22.ari/include
           -I/opt/cray/udreg/2.3.2-1.0502.8413.2.9.ari/include
           -I/opt/cray/wlm_detect/1.0-1.0502.48996.3.2.ari/include
           -I/opt/cray/krca/1.0.0-2.0502.50273.6.28.ari/include
           -I/opt/cray-hss-devel/7.1.0/include prepare_daily.F90

ftnlx report
------------
Source   : /perm/ms/de/sf7/cschlund/ecflow_cc4cl_proc/src/prepare_daily.F90
Date     : 12/01/2014  12:52:16


%%%%%%%%%%%%%%%%%%%%%%%%%%%%%%%%%%%%%%%%%%%%%%%%%%%%%%%%%%%%%%%%%%%%%%%%%%%%%%%%
                          O p t i o n s   R e p o r t
%%%%%%%%%%%%%%%%%%%%%%%%%%%%%%%%%%%%%%%%%%%%%%%%%%%%%%%%%%%%%%%%%%%%%%%%%%%%%%%%

Options :  -O cache3,fp3,scalar3,thread3,vector3,modinline,ipa3,aggress
           -O autoprefetch,noautothread,fusion2,nomsgs,negmsgs,nooverindex
           -O pattern,shortcircuit2,unroll2,nozeroinc
           -h mpi1,noadd_paren,align_arrays,caf,nocontiguous,nofp_trap
           -h nofunc_trace,nomessage,noomp_analyze,noomp_trace,nopat_trace
           -h safe_addr
           -h omp,noomp_acc,noacc
           -h flex_mp=tolerant
           -h cpu=x86-64,ivybridge,aries
           -s default32
           -eh
           -d acdgjnopvBDEIPQRSZ0
           -e mqswACFT
           -J perm/ms/de/sf7/esa_cci_c_proc/software/rttov/rttov11/cray-ecmwf_pe
           rformance_parallel-dwd/mod 
           -f free
           -m3
           -S /lus/TMP/JTMP/44/sf7.27694.cca-login2.20141201T102035/pe_15112/pre
           pare_daily_1.s


%%%%%%%%%%%%%%%%%%%%%%%%%%%%%%%%%%%%%%%%%%%%%%%%%%%%%%%%%%%%%%%%%%%%%%%%%%%%%%%%
                          S o u r c e   L i s t i n g
%%%%%%%%%%%%%%%%%%%%%%%%%%%%%%%%%%%%%%%%%%%%%%%%%%%%%%%%%%%%%%%%%%%%%%%%%%%%%%%%


     %%%    L o o p m a r k   L e g e n d    %%%

     Primary Loop Type        Modifiers
     ------- ---- ----        ---------
     A - Pattern matched      a - atomic memory operation
                              b - blocked
     C - Collapsed            c - conditional and/or computed
     D - Deleted               
     E - Cloned                
     F - Flat - No calls      f - fused
     G - Accelerated          g - partitioned
     I - Inlined              i - interchanged
     M - Multithreaded        m - partitioned
                              n - non-blocking remote transfer
                              p - partial
                              r - unrolled
                              s - shortloop
     V - Vectorized           w - unwound

     + - More messages listed at end of listing
     ------------------------------------------


    1.     subroutine prepare_daily(daily_config,config_paths,config_attributes,task)
    2.     
    3.       implicit none
    4.     
    5.       character*1024 :: daily_config
    6.       character(len=256) :: config_paths,config_attributes
    7.       character(len=1536) :: command_line
    8.     
    9.       integer :: estat,cstat,task
   10.       character(len=1024) :: cmsg
   11.       character(len=10) :: ctask
   12.     
   13.       Write( ctask, '(i10)' ) task
   14.     
   15.     
   16.       command_line="/perm/ms/de/sf7/cschlund/ecflow_cc4cl_proc/src/process_single_day.ksh "&
   17.            & //trim(adjustl(config_paths))//" "//trim(adjustl(config_attributes))//" "//trim(adjustl(daily_config))&
   18.            & //" "//trim(adjustl(ctask))
   19.  +    call execute_command_line(trim(adjustl(command_line)),wait=.true.,exitstat=estat,cmdstat=cstat,cmdmsg=cmsg)
   20.     
   21.     end subroutine prepare_daily

ftn-3021 ftn: IPA File = prepare_daily.F90, Line = 19 
  "_EXECUTE_COMMAND_LINE" (called from "prepare_daily") was not inlined because the compiler was unable to locate the routine.


%%%%%%%%%%%%%%%%%%%%%%%%%%%%%%%%%%%%%%%%%%%%%%%%%%%%%%%%%%%%%%%%%%%%%%%%%%%%%%%%
%%%%%%%%%%%%%%%%%%%%%%%%%%%%%%%%%%%%%%%%%%%%%%%%%%%%%%%%%%%%%%%%%%%%%%%%%%%%%%%%
